This is pdfTeX, Version 3.14159265-2.6-1.40.21 (TeX Live 2020/W32TeX) (preloaded format=pdflatex 2021.1.13)  17 NOV 2022 17:59
entering extended mode
 restricted \write18 enabled.
 file:line:error style messages enabled.
 %&-line parsing enabled.
**c:/Users/kelvi/Desktop/ripple-paper/src/tex/ms.tex
(c:/Users/kelvi/Desktop/ripple-paper/src/tex/ms.tex
LaTeX2e <2020-10-01> patch level 4
L3 programming layer <2021-01-09> xparse <2020-03-03>

! LaTeX Error: File `aastex631.cls' not found.

Type X to quit or <RETURN> to proceed,
or enter new name. (Default extension: cls)

Enter file name: 
c:/Users/kelvi/Desktop/ripple-paper/src/tex/ms.tex:3: Emergency stop.
<read *> 
         
l.3 \usepackage
               {showyourwork}^^M
*** (cannot \read from terminal in nonstop modes)

 
Here is how much of TeX's memory you used:
 22 strings out of 481054
 602 string characters out of 5909766
 266939 words of memory out of 5000000
 17097 multiletter control sequences out of 15000+600000
 403430 words of font info for 27 fonts, out of 8000000 for 9000
 81 hyphenation exceptions out of 8191
 32i,0n,39p,110b,13s stack positions out of 5000i,500n,10000p,200000b,80000s
c:/Users/kelvi/Desktop/ripple-paper/src/tex/ms.tex:3:  ==> Fatal error occurred, no output PDF file produced!
